<?xml version="1.0" encoding="UTF-8"?>
<testng-results skipped="0" failed="0" ignored="0" total="1" passed="1">
  <reporter-output>
  </reporter-output>
  <suite name="Default suite" duration-ms="132899" started-at="2020-10-16T19:12:59Z" finished-at="2020-10-16T19:15:12Z">
    <groups>
    </groups>
    <test name="Default test" duration-ms="132899" started-at="2020-10-16T19:12:59Z" finished-at="2020-10-16T19:15:12Z">
      <class name="com.krn.actitime.tasks.DeleteCustomer">
        <test-method status="PASS" signature="openBrowser()[pri:0, instance:com.krn.actitime.tasks.DeleteCustomer@548e7350]" name="openBrowser" is-config="true" duration-ms="32252" started-at="2020-10-16T19:12:59Z" finished-at="2020-10-16T19:13:31Z">
          <reporter-output>
          </reporter-output>
        </test-method> <!-- openBrowser -->
        <test-method status="PASS" signature="login()[pri:0, instance:com.krn.actitime.tasks.DeleteCustomer@548e7350]" name="login" is-config="true" duration-ms="49757" started-at="2020-10-16T19:13:32Z" finished-at="2020-10-16T19:14:21Z">
          <reporter-output>
          </reporter-output>
        </test-method> <!-- login -->
        <test-method status="PASS" signature="testDeleteCustomer()[pri:2, instance:com.krn.actitime.tasks.DeleteCustomer@548e7350]" name="testDeleteCustomer" duration-ms="36071" started-at="2020-10-16T19:14:21Z" finished-at="2020-10-16T19:14:58Z">
          <reporter-output>
          </reporter-output>
        </test-method> <!-- testDeleteCustomer -->
        <test-method status="PASS" signature="logout()[pri:0, instance:com.krn.actitime.tasks.DeleteCustomer@548e7350]" name="logout" is-config="true" duration-ms="1868" started-at="2020-10-16T19:14:58Z" finished-at="2020-10-16T19:14:59Z">
          <reporter-output>
          </reporter-output>
        </test-method> <!-- logout -->
        <test-method status="PASS" signature="closeBrowser()[pri:0, instance:com.krn.actitime.tasks.DeleteCustomer@548e7350]" name="closeBrowser" is-config="true" duration-ms="12404" started-at="2020-10-16T19:14:59Z" finished-at="2020-10-16T19:15:12Z">
          <reporter-output>
          </reporter-output>
        </test-method> <!-- closeBrowser -->
      </class> <!-- com.krn.actitime.tasks.DeleteCustomer -->
    </test> <!-- Default test -->
  </suite> <!-- Default suite -->
</testng-results>
